<?xml version="1.0" encoding="UTF-8"?>
<!-- Generated by org.testng.reporters.JUnitReportReporter -->
<testsuite hostname="DESKTOP-TVD4B1F" failures="0" tests="1" name="TestNG.Axis.ListnerTestClass" time="3.922" errors="0" timestamp="2024-02-27T12:41:01 IST" skipped="0">
  <testcase classname="TestNG.Axis.ListnerTestClass" name="invokechrome" time="3.922"/>
  <system-out/>
</testsuite> <!-- TestNG.Axis.ListnerTestClass -->
