<?xml version="1.0" encoding="UTF-8"?>
<!-- Generated by org.testng.reporters.JUnitReportReporter -->
<testsuite hostname="DESKTOP-TVD4B1F" failures="0" tests="3" name="TestNG.Axis.EnableButton" time="0.017" errors="0" timestamp="2024-02-27T01:29:35 IST" skipped="1">
  <testcase classname="TestNG.Axis.EnableButton" name="testcase3" time="0.002"/>
  <system-out/>
  <testcase classname="TestNG.Axis.EnableButton" name="testcase2" time="0.015"/>
  <system-out/>
  <testcase classname="TestNG.Axis.EnableButton" name="testcase1">
    <skipped/>
  </testcase> <!-- testcase1 -->
  <system-out/>
</testsuite> <!-- TestNG.Axis.EnableButton -->
