<?xml version="1.0" encoding="UTF-8"?>
<!-- Generated by org.testng.reporters.JUnitReportReporter -->
<testsuite hostname="DESKTOP-TVD4B1F" failures="0" tests="3" name="TestNG.Axis.dependsOnMethod" time="0.013" errors="0" timestamp="2024-02-27T01:38:35 IST" skipped="0">
  <testcase classname="TestNG.Axis.dependsOnMethod" name="testcase2" time="0.001"/>
  <system-out/>
  <testcase classname="TestNG.Axis.dependsOnMethod" name="testcase1" time="0.011"/>
  <system-out/>
  <testcase classname="TestNG.Axis.dependsOnMethod" name="testcase3" time="0.001"/>
  <system-out/>
</testsuite> <!-- TestNG.Axis.dependsOnMethod -->
