<?xml version="1.0" encoding="UTF-8"?>
<!-- Generated by org.testng.reporters.JUnitReportReporter -->
<testsuite hostname="DESKTOP-TVD4B1F" failures="0" tests="3" name="TestNG.Axis.Grouping" time="0.012" errors="0" timestamp="2024-02-27T09:37:39 IST" skipped="0">
  <testcase classname="TestNG.Axis.Grouping" name="AddTocart" time="0.010"/>
  <system-out/>
  <testcase classname="TestNG.Axis.Grouping" name="Products" time="0.001"/>
  <system-out/>
  <testcase classname="TestNG.Axis.Grouping" name="login" time="0.001"/>
  <system-out/>
</testsuite> <!-- TestNG.Axis.Grouping -->
