<?xml version="1.0" encoding="UTF-8"?>
<!-- Generated by org.testng.reporters.JUnitReportReporter -->
<testsuite hostname="DESKTOP-TVD4B1F" failures="0" tests="3" name="TestNG.Axis.PriorityTesting" time="0.028" errors="0" timestamp="2024-02-27T01:19:38 IST" skipped="0">
  <testcase classname="TestNG.Axis.PriorityTesting" name="testcase0" time="0.021"/>
  <system-out/>
  <testcase classname="TestNG.Axis.PriorityTesting" name="testcase1" time="0.004"/>
  <system-out/>
  <testcase classname="TestNG.Axis.PriorityTesting" name="testcase2" time="0.003"/>
  <system-out/>
</testsuite> <!-- TestNG.Axis.PriorityTesting -->
