<?xml version="1.0" encoding="UTF-8"?>
<!-- Generated by org.testng.reporters.JUnitReportReporter -->
<testsuite hostname="DESKTOP-TVD4B1F" failures="0" tests="1" name="TestNG.Axis.InvokeEdgeDriver" time="4.639" errors="0" timestamp="2024-02-27T01:11:48 IST" skipped="0">
  <testcase classname="TestNG.Axis.InvokeEdgeDriver" name="InvokeEdgeDriver" time="4.639"/>
  <system-out/>
</testsuite> <!-- TestNG.Axis.InvokeEdgeDriver -->
