<?xml version="1.0" encoding="UTF-8"?>
<!-- Generated by org.testng.reporters.JUnitReportReporter -->
<testsuite hostname="DESKTOP-TVD4B1F" failures="0" tests="4" name="TestNG.Axis.Annoation" time="0.016" errors="0" timestamp="2024-02-27T12:42:22 IST" skipped="0">
  <testcase classname="TestNG.Axis.Annoation" name="testcase2" time="0.002"/>
  <system-out/>
  <testcase classname="TestNG.Axis.Annoation" name="testcase3" time="0.003"/>
  <system-out/>
  <testcase classname="TestNG.Axis.Annoation" name="testcase4" time="0.002"/>
  <system-out/>
  <testcase classname="TestNG.Axis.Annoation" name="testcase1" time="0.009"/>
  <system-out/>
</testsuite> <!-- TestNG.Axis.Annoation -->
