<?xml version="1.0" encoding="UTF-8"?>
<!-- Generated by org.testng.reporters.JUnitReportReporter -->
<testsuite hostname="DESKTOP-TVD4B1F" failures="0" tests="1" name="TestNG.Axis.InvokeChrome" time="6.779" errors="0" timestamp="2024-02-28T11:48:55 IST" skipped="0">
  <testcase classname="TestNG.Axis.InvokeChrome" name="InvokeChrome" time="6.779"/>
  <system-out/>
</testsuite> <!-- TestNG.Axis.InvokeChrome -->
